This file contains any messages produced by compilers while
running configure, to aid debugging if configure makes a mistake.

It was created by configure, which was
generated by GNU Autoconf 2.59.  Invocation command line was

  $ ./configure CXXFLAGS= CFLAGS=

## --------- ##
## Platform. ##
## --------- ##

hostname = devswan
uname -m = i686
uname -r = 2.6.18-194.el5
uname -s = Linux
uname -v = #1 SMP Fri Apr 2 14:58:35 EDT 2010

/usr/bin/uname -p = unknown
/bin/uname -X     = unknown

/bin/arch              = i686
/usr/bin/arch -k       = unknown
/usr/convex/getsysinfo = unknown
hostinfo               = unknown
/bin/machine           = unknown
/usr/bin/oslevel       = unknown
/bin/universe          = unknown

PATH: /usr/kerberos/sbin
PATH: /usr/kerberos/bin
PATH: /usr/local/sbin
PATH: /usr/local/bin
PATH: /sbin
PATH: /bin
PATH: /usr/sbin
PATH: /usr/bin
PATH: /root/bin


## ----------- ##
## Core tests. ##
## ----------- ##

configure:1349: checking for a BSD-compatible install
configure:1404: result: /usr/bin/install -c
configure:1415: checking whether build environment is sane
configure:1458: result: yes
configure:1523: checking for gawk
configure:1539: found /bin/gawk
configure:1549: result: gawk
configure:1559: checking whether make sets $(MAKE)
configure:1579: result: yes
configure:1804: checking for g++
configure:1820: found /usr/bin/g++
configure:1830: result: g++
configure:1846: checking for C++ compiler version
configure:1849: g++ --version </dev/null >&5
g++ (GCC) 4.1.2 20080704 (Red Hat 4.1.2-48)
Copyright (C) 2006 Free Software Foundation, Inc.
This is free software; see the source for copying conditions.  There is NO
warranty; not even for MERCHANTABILITY or FITNESS FOR A PARTICULAR PURPOSE.

configure:1852: $? = 0
configure:1854: g++ -v </dev/null >&5
Using built-in specs.
Target: i386-redhat-linux
Configured with: ../configure --prefix=/usr --mandir=/usr/share/man --infodir=/usr/share/info --enable-shared --enable-threads=posix --enable-checking=release --with-system-zlib --enable-__cxa_atexit --disable-libunwind-exceptions --enable-libgcj-multifile --enable-languages=c,c++,objc,obj-c++,java,fortran,ada --enable-java-awt=gtk --disable-dssi --enable-plugin --with-java-home=/usr/lib/jvm/java-1.4.2-gcj-1.4.2.0/jre --with-cpu=generic --host=i386-redhat-linux
Thread model: posix
gcc version 4.1.2 20080704 (Red Hat 4.1.2-48)
configure:1857: $? = 0
configure:1859: g++ -V </dev/null >&5
g++: '-V' option must have argument
configure:1862: $? = 1
configure:1885: checking for C++ compiler default output file name
configure:1888: g++    conftest.cc  >&5
configure:1891: $? = 0
configure:1937: result: a.out
configure:1942: checking whether the C++ compiler works
configure:1948: ./a.out
configure:1951: $? = 0
configure:1968: result: yes
configure:1975: checking whether we are cross compiling
configure:1977: result: no
configure:1980: checking for suffix of executables
configure:1982: g++ -o conftest    conftest.cc  >&5
configure:1985: $? = 0
configure:2010: result: 
configure:2016: checking for suffix of object files
configure:2037: g++ -c   conftest.cc >&5
configure:2040: $? = 0
configure:2062: result: o
configure:2066: checking whether we are using the GNU C++ compiler
configure:2090: g++ -c   conftest.cc >&5
configure:2096: $? = 0
configure:2100: test -z 
			 || test ! -s conftest.err
configure:2103: $? = 0
configure:2106: test -s conftest.o
configure:2109: $? = 0
configure:2122: result: yes
configure:2128: checking whether g++ accepts -g
configure:2149: g++ -c -g  conftest.cc >&5
configure:2155: $? = 0
configure:2159: test -z 
			 || test ! -s conftest.err
configure:2162: $? = 0
configure:2165: test -s conftest.o
configure:2168: $? = 0
configure:2179: result: yes
configure:2221: g++ -c   conftest.cc >&5
configure:2227: $? = 0
configure:2231: test -z 
			 || test ! -s conftest.err
configure:2234: $? = 0
configure:2237: test -s conftest.o
configure:2240: $? = 0
configure:2266: g++ -c   conftest.cc >&5
conftest.cc: In function 'int main()':
conftest.cc:15: error: 'exit' was not declared in this scope
configure:2272: $? = 1
configure: failed program was:
| /* confdefs.h.  */
| 
| #define PACKAGE_NAME ""
| #define PACKAGE_TARNAME ""
| #define PACKAGE_VERSION ""
| #define PACKAGE_STRING ""
| #define PACKAGE_BUGREPORT ""
| #define PACKAGE "emeralddb"
| #define VERSION "1.0"
| /* end confdefs.h.  */
| 
| int
| main ()
| {
| exit (42);
|   ;
|   return 0;
| }
configure:2221: g++ -c   conftest.cc >&5
configure:2227: $? = 0
configure:2231: test -z 
			 || test ! -s conftest.err
configure:2234: $? = 0
configure:2237: test -s conftest.o
configure:2240: $? = 0
configure:2266: g++ -c   conftest.cc >&5
configure:2272: $? = 0
configure:2276: test -z 
			 || test ! -s conftest.err
configure:2279: $? = 0
configure:2282: test -s conftest.o
configure:2285: $? = 0
configure:2319: checking for style of include used by make
configure:2347: result: GNU
configure:2375: checking dependency style of g++
configure:2465: result: gcc3
configure:2528: checking for gcc
configure:2544: found /usr/bin/gcc
configure:2554: result: gcc
configure:2798: checking for C compiler version
configure:2801: gcc --version </dev/null >&5
gcc (GCC) 4.1.2 20080704 (Red Hat 4.1.2-48)
Copyright (C) 2006 Free Software Foundation, Inc.
This is free software; see the source for copying conditions.  There is NO
warranty; not even for MERCHANTABILITY or FITNESS FOR A PARTICULAR PURPOSE.

configure:2804: $? = 0
configure:2806: gcc -v </dev/null >&5
Using built-in specs.
Target: i386-redhat-linux
Configured with: ../configure --prefix=/usr --mandir=/usr/share/man --infodir=/usr/share/info --enable-shared --enable-threads=posix --enable-checking=release --with-system-zlib --enable-__cxa_atexit --disable-libunwind-exceptions --enable-libgcj-multifile --enable-languages=c,c++,objc,obj-c++,java,fortran,ada --enable-java-awt=gtk --disable-dssi --enable-plugin --with-java-home=/usr/lib/jvm/java-1.4.2-gcj-1.4.2.0/jre --with-cpu=generic --host=i386-redhat-linux
Thread model: posix
gcc version 4.1.2 20080704 (Red Hat 4.1.2-48)
configure:2809: $? = 0
configure:2811: gcc -V </dev/null >&5
gcc: '-V' option must have argument
configure:2814: $? = 1
configure:2817: checking whether we are using the GNU C compiler
configure:2841: gcc -c   conftest.c >&5
configure:2847: $? = 0
configure:2851: test -z 
			 || test ! -s conftest.err
configure:2854: $? = 0
configure:2857: test -s conftest.o
configure:2860: $? = 0
configure:2873: result: yes
configure:2879: checking whether gcc accepts -g
configure:2900: gcc -c -g  conftest.c >&5
configure:2906: $? = 0
configure:2910: test -z 
			 || test ! -s conftest.err
configure:2913: $? = 0
configure:2916: test -s conftest.o
configure:2919: $? = 0
configure:2930: result: yes
configure:2947: checking for gcc option to accept ANSI C
configure:3017: gcc  -c   conftest.c >&5
configure:3023: $? = 0
configure:3027: test -z 
			 || test ! -s conftest.err
configure:3030: $? = 0
configure:3033: test -s conftest.o
configure:3036: $? = 0
configure:3054: result: none needed
configure:3072: gcc -c   conftest.c >&5
conftest.c:2: error: expected '=', ',', ';', 'asm' or '__attribute__' before 'me'
configure:3078: $? = 1
configure: failed program was:
| #ifndef __cplusplus
|   choke me
| #endif
configure:3213: checking dependency style of gcc
configure:3303: result: gcc3
configure:3328: checking how to run the C preprocessor
configure:3363: gcc -E  conftest.c
configure:3369: $? = 0
configure:3401: gcc -E  conftest.c
conftest.c:14:28: error: ac_nonexistent.h: No such file or directory
configure:3407: $? = 1
configure: failed program was:
| /* confdefs.h.  */
| 
| #define PACKAGE_NAME ""
| #define PACKAGE_TARNAME ""
| #define PACKAGE_VERSION ""
| #define PACKAGE_STRING ""
| #define PACKAGE_BUGREPORT ""
| #define PACKAGE "emeralddb"
| #define VERSION "1.0"
| #ifdef __cplusplus
| extern "C" void std::exit (int) throw (); using std::exit;
| #endif
| /* end confdefs.h.  */
| #include <ac_nonexistent.h>
configure:3446: result: gcc -E
configure:3470: gcc -E  conftest.c
configure:3476: $? = 0
configure:3508: gcc -E  conftest.c
conftest.c:14:28: error: ac_nonexistent.h: No such file or directory
configure:3514: $? = 1
configure: failed program was:
| /* confdefs.h.  */
| 
| #define PACKAGE_NAME ""
| #define PACKAGE_TARNAME ""
| #define PACKAGE_VERSION ""
| #define PACKAGE_STRING ""
| #define PACKAGE_BUGREPORT ""
| #define PACKAGE "emeralddb"
| #define VERSION "1.0"
| #ifdef __cplusplus
| extern "C" void std::exit (int) throw (); using std::exit;
| #endif
| /* end confdefs.h.  */
| #include <ac_nonexistent.h>
configure:3558: checking for egrep
configure:3568: result: grep -E
configure:3573: checking for ANSI C header files
configure:3598: gcc -c   conftest.c >&5
configure:3604: $? = 0
configure:3608: test -z 
			 || test ! -s conftest.err
configure:3611: $? = 0
configure:3614: test -s conftest.o
configure:3617: $? = 0
configure:3706: gcc -o conftest    conftest.c  >&5
conftest.c: In function 'main':
conftest.c:31: warning: incompatible implicit declaration of built-in function 'exit'
configure:3709: $? = 0
configure:3711: ./conftest
configure:3714: $? = 0
configure:3729: result: yes
configure:3753: checking for sys/types.h
configure:3769: gcc -c   conftest.c >&5
configure:3775: $? = 0
configure:3779: test -z 
			 || test ! -s conftest.err
configure:3782: $? = 0
configure:3785: test -s conftest.o
configure:3788: $? = 0
configure:3799: result: yes
configure:3753: checking for sys/stat.h
configure:3769: gcc -c   conftest.c >&5
configure:3775: $? = 0
configure:3779: test -z 
			 || test ! -s conftest.err
configure:3782: $? = 0
configure:3785: test -s conftest.o
configure:3788: $? = 0
configure:3799: result: yes
configure:3753: checking for stdlib.h
configure:3769: gcc -c   conftest.c >&5
configure:3775: $? = 0
configure:3779: test -z 
			 || test ! -s conftest.err
configure:3782: $? = 0
configure:3785: test -s conftest.o
configure:3788: $? = 0
configure:3799: result: yes
configure:3753: checking for string.h
configure:3769: gcc -c   conftest.c >&5
configure:3775: $? = 0
configure:3779: test -z 
			 || test ! -s conftest.err
configure:3782: $? = 0
configure:3785: test -s conftest.o
configure:3788: $? = 0
configure:3799: result: yes
configure:3753: checking for memory.h
configure:3769: gcc -c   conftest.c >&5
configure:3775: $? = 0
configure:3779: test -z 
			 || test ! -s conftest.err
configure:3782: $? = 0
configure:3785: test -s conftest.o
configure:3788: $? = 0
configure:3799: result: yes
configure:3753: checking for strings.h
configure:3769: gcc -c   conftest.c >&5
configure:3775: $? = 0
configure:3779: test -z 
			 || test ! -s conftest.err
configure:3782: $? = 0
configure:3785: test -s conftest.o
configure:3788: $? = 0
configure:3799: result: yes
configure:3753: checking for inttypes.h
configure:3769: gcc -c   conftest.c >&5
configure:3775: $? = 0
configure:3779: test -z 
			 || test ! -s conftest.err
configure:3782: $? = 0
configure:3785: test -s conftest.o
configure:3788: $? = 0
configure:3799: result: yes
configure:3753: checking for stdint.h
configure:3769: gcc -c   conftest.c >&5
configure:3775: $? = 0
configure:3779: test -z 
			 || test ! -s conftest.err
configure:3782: $? = 0
configure:3785: test -s conftest.o
configure:3788: $? = 0
configure:3799: result: yes
configure:3753: checking for unistd.h
configure:3769: gcc -c   conftest.c >&5
configure:3775: $? = 0
configure:3779: test -z 
			 || test ! -s conftest.err
configure:3782: $? = 0
configure:3785: test -s conftest.o
configure:3788: $? = 0
configure:3799: result: yes
configure:3816: checking for string.h
configure:3821: result: yes
configure:3963: checking for stdbool.h that conforms to C99
configure:4016: gcc -c   conftest.c >&5
configure:4022: $? = 0
configure:4026: test -z 
			 || test ! -s conftest.err
configure:4029: $? = 0
configure:4032: test -s conftest.o
configure:4035: $? = 0
configure:4046: result: yes
configure:4048: checking for _Bool
configure:4072: gcc -c   conftest.c >&5
configure:4078: $? = 0
configure:4082: test -z 
			 || test ! -s conftest.err
configure:4085: $? = 0
configure:4088: test -s conftest.o
configure:4091: $? = 0
configure:4102: result: yes
configure:4121: checking for inline
configure:4142: gcc -c   conftest.c >&5
configure:4148: $? = 0
configure:4152: test -z 
			 || test ! -s conftest.err
configure:4155: $? = 0
configure:4158: test -s conftest.o
configure:4161: $? = 0
configure:4173: result: inline
configure:4192: checking for size_t
configure:4216: gcc -c   conftest.c >&5
configure:4222: $? = 0
configure:4226: test -z 
			 || test ! -s conftest.err
configure:4229: $? = 0
configure:4232: test -s conftest.o
configure:4235: $? = 0
configure:4246: result: yes
configure:4265: checking for stdlib.h
configure:4270: result: yes
configure:4410: checking for GNU libc compatible malloc
configure:4439: gcc -o conftest    conftest.c  >&5
configure:4442: $? = 0
configure:4444: ./conftest
configure:4447: $? = 0
configure:4461: result: yes
configure:4496: checking for stdlib.h
configure:4501: result: yes
configure:4641: checking for GNU libc compatible realloc
configure:4670: gcc -o conftest    conftest.c  >&5
configure:4673: $? = 0
configure:4675: ./conftest
configure:4678: $? = 0
configure:4692: result: yes
configure:4722: checking for working strnlen
configure:4761: gcc -o conftest    conftest.c  >&5
configure:4764: $? = 0
configure:4766: ./conftest
configure:4769: $? = 0
configure:4783: result: yes
configure:4802: checking for localtime_r
configure:4859: gcc -o conftest    conftest.c  >&5
configure:4865: $? = 0
configure:4869: test -z 
			 || test ! -s conftest.err
configure:4872: $? = 0
configure:4875: test -s conftest
configure:4878: $? = 0
configure:4890: result: yes
configure:4802: checking for memset
configure:4859: gcc -o conftest    conftest.c  >&5
conftest.c:56: warning: conflicting types for built-in function 'memset'
configure:4865: $? = 0
configure:4869: test -z 
			 || test ! -s conftest.err
configure:4872: $? = 0
configure:4875: test -s conftest
configure:4878: $? = 0
configure:4890: result: yes
configure:4802: checking for pow
configure:4859: gcc -o conftest    conftest.c  >&5
conftest.c:57: warning: conflicting types for built-in function 'pow'
/tmp/ccWh9PYm.o: In function `main':
conftest.c:(.text+0x14): undefined reference to `pow'
/tmp/ccWh9PYm.o:(.data+0x0): undefined reference to `pow'
collect2: ld returned 1 exit status
configure:4865: $? = 1
configure: failed program was:
| /* confdefs.h.  */
| 
| #define PACKAGE_NAME ""
| #define PACKAGE_TARNAME ""
| #define PACKAGE_VERSION ""
| #define PACKAGE_STRING ""
| #define PACKAGE_BUGREPORT ""
| #define PACKAGE "emeralddb"
| #define VERSION "1.0"
| #ifdef __cplusplus
| extern "C" void std::exit (int) throw (); using std::exit;
| #endif
| #define STDC_HEADERS 1
| #define HAVE_SYS_TYPES_H 1
| #define HAVE_SYS_STAT_H 1
| #define HAVE_STDLIB_H 1
| #define HAVE_STRING_H 1
| #define HAVE_MEMORY_H 1
| #define HAVE_STRINGS_H 1
| #define HAVE_INTTYPES_H 1
| #define HAVE_STDINT_H 1
| #define HAVE_UNISTD_H 1
| #define HAVE_STRING_H 1
| #define HAVE__BOOL 1
| #define HAVE_STDBOOL_H 1
| #define HAVE_STDLIB_H 1
| #define HAVE_MALLOC 1
| #define HAVE_STDLIB_H 1
| #define HAVE_REALLOC 1
| #define HAVE_LOCALTIME_R 1
| #define HAVE_MEMSET 1
| /* end confdefs.h.  */
| /* Define pow to an innocuous variant, in case <limits.h> declares pow.
|    For example, HP-UX 11i <limits.h> declares gettimeofday.  */
| #define pow innocuous_pow
| 
| /* System header to define __stub macros and hopefully few prototypes,
|     which can conflict with char pow (); below.
|     Prefer <limits.h> to <assert.h> if __STDC__ is defined, since
|     <limits.h> exists even on freestanding compilers.  */
| 
| #ifdef __STDC__
| # include <limits.h>
| #else
| # include <assert.h>
| #endif
| 
| #undef pow
| 
| /* Override any gcc2 internal prototype to avoid an error.  */
| #ifdef __cplusplus
| extern "C"
| {
| #endif
| /* We use char because int might match the return type of a gcc2
|    builtin and then its argument prototype would still apply.  */
| char pow ();
| /* The GNU C library defines this for functions which it implements
|     to always fail with ENOSYS.  Some functions are actually named
|     something starting with __ and the normal name is an alias.  */
| #if defined (__stub_pow) || defined (__stub___pow)
| choke me
| #else
| char (*f) () = pow;
| #endif
| #ifdef __cplusplus
| }
| #endif
| 
| int
| main ()
| {
| return f != pow;
|   ;
|   return 0;
| }
configure:4890: result: no
configure:4802: checking for strchr
configure:4859: gcc -o conftest    conftest.c  >&5
conftest.c:57: warning: conflicting types for built-in function 'strchr'
configure:4865: $? = 0
configure:4869: test -z 
			 || test ! -s conftest.err
configure:4872: $? = 0
configure:4875: test -s conftest
configure:4878: $? = 0
configure:4890: result: yes
configure:4802: checking for strtol
configure:4859: gcc -o conftest    conftest.c  >&5
configure:4865: $? = 0
configure:4869: test -z 
			 || test ! -s conftest.err
configure:4872: $? = 0
configure:4875: test -s conftest
configure:4878: $? = 0
configure:4890: result: yes
configure:5018: creating ./config.status

## ---------------------- ##
## Running config.status. ##
## ---------------------- ##

This file was extended by config.status, which was
generated by GNU Autoconf 2.59.  Invocation command line was

  CONFIG_FILES    = 
  CONFIG_HEADERS  = 
  CONFIG_LINKS    = 
  CONFIG_COMMANDS = 
  $ ./config.status 

on devswan

config.status:695: creating Makefile
config.status:799: creating config.h
config.status:927: config.h is unchanged
config.status:1107: executing depfiles commands

## ---------------- ##
## Cache variables. ##
## ---------------- ##

ac_cv_c_compiler_gnu=yes
ac_cv_c_inline=inline
ac_cv_cxx_compiler_gnu=yes
ac_cv_env_CC_set=
ac_cv_env_CC_value=
ac_cv_env_CFLAGS_set=set
ac_cv_env_CFLAGS_value=
ac_cv_env_CPPFLAGS_set=
ac_cv_env_CPPFLAGS_value=
ac_cv_env_CPP_set=
ac_cv_env_CPP_value=
ac_cv_env_CXXFLAGS_set=set
ac_cv_env_CXXFLAGS_value=
ac_cv_env_CXX_set=
ac_cv_env_CXX_value=
ac_cv_env_LDFLAGS_set=
ac_cv_env_LDFLAGS_value=
ac_cv_env_build_alias_set=
ac_cv_env_build_alias_value=
ac_cv_env_host_alias_set=
ac_cv_env_host_alias_value=
ac_cv_env_target_alias_set=
ac_cv_env_target_alias_value=
ac_cv_exeext=
ac_cv_func_localtime_r=yes
ac_cv_func_malloc_0_nonnull=yes
ac_cv_func_memset=yes
ac_cv_func_pow=no
ac_cv_func_realloc_0_nonnull=yes
ac_cv_func_strchr=yes
ac_cv_func_strnlen_working=yes
ac_cv_func_strtol=yes
ac_cv_header_inttypes_h=yes
ac_cv_header_memory_h=yes
ac_cv_header_stdbool_h=yes
ac_cv_header_stdc=yes
ac_cv_header_stdint_h=yes
ac_cv_header_stdlib_h=yes
ac_cv_header_string_h=yes
ac_cv_header_strings_h=yes
ac_cv_header_sys_stat_h=yes
ac_cv_header_sys_types_h=yes
ac_cv_header_unistd_h=yes
ac_cv_objext=o
ac_cv_path_install='/usr/bin/install -c'
ac_cv_prog_AWK=gawk
ac_cv_prog_CPP='gcc -E'
ac_cv_prog_ac_ct_CC=gcc
ac_cv_prog_ac_ct_CXX=g++
ac_cv_prog_cc_g=yes
ac_cv_prog_cc_stdc=
ac_cv_prog_cxx_g=yes
ac_cv_prog_egrep='grep -E'
ac_cv_prog_make_make_set=yes
ac_cv_type__Bool=yes
ac_cv_type_size_t=yes
am_cv_CC_dependencies_compiler_type=gcc3
am_cv_CXX_dependencies_compiler_type=gcc3

## ----------------- ##
## Output variables. ##
## ----------------- ##

ACLOCAL='${SHELL} /root/code/emeralddb/src/missing --run aclocal-1.9'
AMDEPBACKSLASH='\'
AMDEP_FALSE='#'
AMDEP_TRUE=''
AMTAR='${SHELL} /root/code/emeralddb/src/missing --run tar'
AUTOCONF='${SHELL} /root/code/emeralddb/src/missing --run autoconf'
AUTOHEADER='${SHELL} /root/code/emeralddb/src/missing --run autoheader'
AUTOMAKE='${SHELL} /root/code/emeralddb/src/missing --run automake-1.9'
AWK='gawk'
CC='gcc'
CCDEPMODE='depmode=gcc3'
CFLAGS=''
CPP='gcc -E'
CPPFLAGS=''
CXX='g++'
CXXDEPMODE='depmode=gcc3'
CXXFLAGS=''
CYGPATH_W='echo'
DEFS='-DHAVE_CONFIG_H'
DEPDIR='.deps'
ECHO_C=''
ECHO_N='-n'
ECHO_T=''
EGREP='grep -E'
EXEEXT=''
INSTALL_DATA='${INSTALL} -m 644'
INSTALL_PROGRAM='${INSTALL}'
INSTALL_SCRIPT='${INSTALL}'
INSTALL_STRIP_PROGRAM='${SHELL} $(install_sh) -c -s'
LDFLAGS=''
LIBOBJS=''
LIBS=''
LTLIBOBJS=''
MAKEINFO='${SHELL} /root/code/emeralddb/src/missing --run makeinfo'
OBJEXT='o'
PACKAGE='emeralddb'
PACKAGE_BUGREPORT=''
PACKAGE_NAME=''
PACKAGE_STRING=''
PACKAGE_TARNAME=''
PACKAGE_VERSION=''
PATH_SEPARATOR=':'
SET_MAKE=''
SHELL='/bin/sh'
STRIP=''
VERSION='1.0'
ac_ct_CC='gcc'
ac_ct_CXX='g++'
ac_ct_STRIP=''
am__fastdepCC_FALSE='#'
am__fastdepCC_TRUE=''
am__fastdepCXX_FALSE='#'
am__fastdepCXX_TRUE=''
am__include='include'
am__leading_dot='.'
am__quote=''
am__tar='${AMTAR} chof - "$$tardir"'
am__untar='${AMTAR} xf -'
bindir='${exec_prefix}/bin'
build_alias=''
datadir='${prefix}/share'
exec_prefix='${prefix}'
host_alias=''
includedir='${prefix}/include'
infodir='${prefix}/info'
install_sh='/root/code/emeralddb/src/install-sh'
libdir='${exec_prefix}/lib'
libexecdir='${exec_prefix}/libexec'
localstatedir='${prefix}/var'
mandir='${prefix}/man'
mkdir_p='mkdir -p --'
oldincludedir='/usr/include'
prefix='/usr/local'
program_transform_name='s,x,x,'
sbindir='${exec_prefix}/sbin'
sharedstatedir='${prefix}/com'
sysconfdir='${prefix}/etc'
target_alias=''

## ----------- ##
## confdefs.h. ##
## ----------- ##

#define HAVE_INTTYPES_H 1
#define HAVE_LOCALTIME_R 1
#define HAVE_MALLOC 1
#define HAVE_MEMORY_H 1
#define HAVE_MEMSET 1
#define HAVE_REALLOC 1
#define HAVE_STDBOOL_H 1
#define HAVE_STDINT_H 1
#define HAVE_STDLIB_H 1
#define HAVE_STDLIB_H 1
#define HAVE_STDLIB_H 1
#define HAVE_STRCHR 1
#define HAVE_STRINGS_H 1
#define HAVE_STRING_H 1
#define HAVE_STRING_H 1
#define HAVE_STRTOL 1
#define HAVE_SYS_STAT_H 1
#define HAVE_SYS_TYPES_H 1
#define HAVE_UNISTD_H 1
#define HAVE__BOOL 1
#define PACKAGE "emeralddb"
#define PACKAGE_BUGREPORT ""
#define PACKAGE_NAME ""
#define PACKAGE_STRING ""
#define PACKAGE_TARNAME ""
#define PACKAGE_VERSION ""
#define STDC_HEADERS 1
#define VERSION "1.0"
#endif
#ifdef __cplusplus
extern "C" void std::exit (int) throw (); using std::exit;

configure: exit 0

## ---------------------- ##
## Running config.status. ##
## ---------------------- ##

This file was extended by config.status, which was
generated by GNU Autoconf 2.59.  Invocation command line was

  CONFIG_FILES    = 
  CONFIG_HEADERS  = 
  CONFIG_LINKS    = 
  CONFIG_COMMANDS = 
  $ ./config.status config.h

on devswan

config.status:799: creating config.h
config.status:927: config.h is unchanged
